java.net.SocketException: Connection reset|Time:2016-05-15 02:36:58
java.net.SocketException: Connection reset|Time:2016-05-15 02:37:39
java.net.SocketException: Connection reset|Time:2016-05-15 02:38:17
java.net.SocketException: Connection reset|Time:2016-05-15 02:39:58
java.net.SocketException: Connection reset|Time:2016-05-15 02:40:34
java.net.SocketException: Connection reset|Time:2016-05-15 02:42:20
java.net.SocketException: Connection reset|Time:2016-05-15 03:02:40
org.json.JSONException: Unterminated string at character 80|Time:2016-05-15 03:07:51
org.json.JSONException: Unterminated string at character 80|Time:2016-05-15 03:12:39
java.io.FileNotFoundException: ../tomcat/webapps/fileserver/2016-05-15/1463296993608qv26i5.wav (No such file or directory)|Time:2016-05-15 03:23:13
java.sql.SQLException: No value specified for parameter 9
|Time:2016-05-15 03:27:14
com.mysql.jdbc.exceptions.MySQLSyntaxErrorException: Table 'smart_care.intercation' doesn't exist
|Time:2016-05-15 03:29:33
org.json.JSONException: JSONObject["level"] not found.|Time:2016-05-15 03:33:43
java.net.SocketException: Connection reset|Time:2016-05-15 04:22:59
java.net.SocketException: Connection reset|Time:2016-05-15 04:34:07
java.net.SocketException: Connection reset|Time:2016-05-15 04:41:04
java.net.SocketException: Connection reset|Time:2016-05-15 04:42:27
java.net.SocketException: Connection reset|Time:2016-05-15 04:42:59
java.net.SocketException: Connection reset|Time:2016-05-15 04:49:25
java.net.SocketException: Connection reset|Time:2016-05-15 04:55:24
java.net.SocketException: Connection reset|Time:2016-05-15 05:22:41
java.net.SocketException: Connection reset|Time:2016-05-15 05:34:15
java.net.SocketException: Connection reset|Time:2016-05-15 06:31:33
java.net.SocketException: Connection reset|Time:2016-05-15 06:44:10
java.net.SocketException: Broken pipe|Time:2016-05-15 10:59:24
java.net.SocketException: Broken pipe|Time:2016-05-15 11:01:00
java.net.SocketException: Broken pipe|Time:2016-05-15 11:02:17
java.net.SocketException: Broken pipe|Time:2016-05-15 11:03:58
java.net.SocketException: Broken pipe|Time:2016-05-15 11:05:43
